<?xml version="1.0" encoding="UTF-8"?>
<!-- Generated by org.testng.reporters.JUnitReportReporter -->
<testsuite skipped="0" hostname="DESKTOP-CPS2U3I" name="com.training.sanity.tests.AdminRewardTC35Test" tests="6" failures="0" timestamp="17 Sep 2019 09:58:07 GMT" time="8.803" errors="0">
  <testcase name="validAdminLoginTest" time="1.661" classname="com.training.sanity.tests.AdminRewardTC35Test"/>
  <testcase name="validAddingProductTest1" time="3.138" classname="com.training.sanity.tests.AdminRewardTC35Test"/>
  <testcase name="validAddingProductTest2" time="0.782" classname="com.training.sanity.tests.AdminRewardTC35Test"/>
  <testcase name="validAddingProductTest3" time="0.122" classname="com.training.sanity.tests.AdminRewardTC35Test"/>
  <testcase name="validAddingProductTest4" time="0.889" classname="com.training.sanity.tests.AdminRewardTC35Test"/>
  <testcase name="validAddingProductTest5" time="2.211" classname="com.training.sanity.tests.AdminRewardTC35Test"/>
</testsuite> <!-- com.training.sanity.tests.AdminRewardTC35Test -->
