<?xml version="1.0" encoding="UTF-8"?>
<!-- Generated by org.testng.reporters.JUnitReportReporter -->
<testsuite skipped="0" hostname="DESKTOP-CPS2U3I" name="com.training.sanity.tests.ForgotpassTestTC03" tests="1" failures="0" timestamp="06 Sep 2019 10:39:43 GMT" time="45.718" errors="0">
  <testcase name="validForgotpassTestTC03" time="45.718" classname="com.training.sanity.tests.ForgotpassTestTC03"/>
</testsuite> <!-- com.training.sanity.tests.ForgotpassTestTC03 -->
