<?xml version="1.0" encoding="UTF-8"?>
<!-- Generated by org.testng.reporters.JUnitReportReporter -->
<testsuite skipped="0" hostname="DESKTOP-CPS2U3I" name="com.training.sanity.tests.PreloginOrderTC32Test" tests="2" failures="0" timestamp="12 Sep 2019 17:17:23 GMT" time="48.679" errors="0">
  <testcase name="validPlaceOrderTest" time="41.592" classname="com.training.sanity.tests.PreloginOrderTC32Test"/>
  <testcase name="validPreloginOrderTC32Test" time="7.087" classname="com.training.sanity.tests.PreloginOrderTC32Test"/>
</testsuite> <!-- com.training.sanity.tests.PreloginOrderTC32Test -->
