<?xml version="1.0" encoding="UTF-8"?>
<!-- Generated by org.testng.reporters.JUnitReportReporter -->
<testsuite skipped="0" hostname="DESKTOP-CPS2U3I" name="com.training.regression.tests.MultiRegisterTC62Test" tests="4" failures="0" timestamp="24 Sep 2019 17:22:14 GMT" time="122.720" errors="0">
  <testcase name="validMutiRegisterTC62Test" time="28.049" classname="com.training.regression.tests.MultiRegisterTC62Test"/>
  <testcase name="validMutiRegisterTC62Test" time="28.071" classname="com.training.regression.tests.MultiRegisterTC62Test"/>
  <testcase name="validMutiRegisterTC62Test" time="27.954" classname="com.training.regression.tests.MultiRegisterTC62Test"/>
  <testcase name="validMutiRegisterTC62Test" time="38.646" classname="com.training.regression.tests.MultiRegisterTC62Test"/>
</testsuite> <!-- com.training.regression.tests.MultiRegisterTC62Test -->
