<?xml version="1.0" encoding="UTF-8"?>
<!-- Generated by org.testng.reporters.JUnitReportReporter -->
<testsuite skipped="0" hostname="DESKTOP-CPS2U3I" name="com.training.regression.tests.ProductDetailTC65Test" tests="5" failures="0" timestamp="26 Sep 2019 18:12:41 GMT" time="24.371" errors="0">
  <testcase name="validAdminLoginTest" time="2.906" classname="com.training.regression.tests.ProductDetailTC65Test"/>
  <testcase name="validAddingProductTest1" time="5.784" classname="com.training.regression.tests.ProductDetailTC65Test"/>
  <testcase name="validAddingProductTest2" time="1.298" classname="com.training.regression.tests.ProductDetailTC65Test"/>
  <testcase name="validAddingProductTest3" time="4.534" classname="com.training.regression.tests.ProductDetailTC65Test"/>
  <testcase name="DisplayProductTest" time="9.849" classname="com.training.regression.tests.ProductDetailTC65Test"/>
</testsuite> <!-- com.training.regression.tests.ProductDetailTC65Test -->
