<?xml version="1.0" encoding="UTF-8"?>
<!-- Generated by org.testng.reporters.JUnitReportReporter -->
<testsuite skipped="0" hostname="DESKTOP-CPS2U3I" name="com.training.regression.tests.AddCategTC64Test" tests="4" failures="0" timestamp="26 Sep 2019 13:55:55 GMT" time="94.060" errors="0">
  <testcase name="AddingCategoryTest" time="19.440" classname="com.training.regression.tests.AddCategTC64Test"/>
  <testcase name="AddingCategoryTest" time="19.406" classname="com.training.regression.tests.AddCategTC64Test"/>
  <testcase name="AddingCategoryTest" time="27.850" classname="com.training.regression.tests.AddCategTC64Test"/>
  <testcase name="AddingCategoryTest" time="27.364" classname="com.training.regression.tests.AddCategTC64Test"/>
</testsuite> <!-- com.training.regression.tests.AddCategTC64Test -->
