<?xml version="1.0" encoding="UTF-8"?>
<!-- Generated by org.testng.reporters.JUnitReportReporter -->
<testsuite skipped="0" hostname="DESKTOP-CPS2U3I" name="com.training.sanity.tests.MyOrdersTC04Test" tests="1" failures="0" timestamp="05 Sep 2019 16:16:57 GMT" time="53.377" errors="0">
  <testcase name="validMyOdersTC04Test" time="53.377" classname="com.training.sanity.tests.MyOrdersTC04Test"/>
</testsuite> <!-- com.training.sanity.tests.MyOrdersTC04Test -->
