<?xml version="1.0" encoding="UTF-8"?>
<!-- Generated by org.testng.reporters.JUnitReportReporter -->
<testsuite skipped="0" hostname="DESKTOP-CPS2U3I" name="com.training.sanity.tests.EditInfoTC05Test" tests="1" failures="0" timestamp="06 Sep 2019 06:13:18 GMT" time="43.194" errors="0">
  <testcase name="validEditInfoTC05Test" time="43.194" classname="com.training.sanity.tests.EditInfoTC05Test"/>
</testsuite> <!-- com.training.sanity.tests.EditInfoTC05Test -->
