<?xml version="1.0" encoding="UTF-8"?>
<!-- Generated by org.testng.reporters.JUnitReportReporter -->
<testsuite skipped="0" hostname="DESKTOP-CPS2U3I" name="com.training.sanity.tests.GuestUserTC32Test" tests="1" failures="0" timestamp="12 Sep 2019 09:56:24 GMT" time="48.998" errors="0">
  <testcase name="validGuestUserTC32Test" time="48.998" classname="com.training.sanity.tests.GuestUserTC32Test"/>
</testsuite> <!-- com.training.sanity.tests.GuestUserTC32Test -->
