<?xml version="1.0" encoding="UTF-8"?>
<!-- Generated by org.testng.reporters.JUnitReportReporter -->
<testsuite skipped="0" hostname="DESKTOP-CPS2U3I" name="com.training.regression.tests.RegisterTC61Test" tests="4" failures="0" timestamp="26 Sep 2019 09:31:40 GMT" time="194.700" errors="0">
  <testcase name="DBRegistrationTest" time="47.272" classname="com.training.regression.tests.RegisterTC61Test"/>
  <testcase name="DBRegistrationTest" time="53.015" classname="com.training.regression.tests.RegisterTC61Test"/>
  <testcase name="DBRegistrationTest" time="48.023" classname="com.training.regression.tests.RegisterTC61Test"/>
  <testcase name="DBRegistrationTest" time="46.390" classname="com.training.regression.tests.RegisterTC61Test"/>
</testsuite> <!-- com.training.regression.tests.RegisterTC61Test -->
