<?xml version="1.0" encoding="UTF-8"?>
<!-- Generated by org.testng.reporters.JUnitReportReporter -->
<testsuite skipped="0" hostname="DESKTOP-CPS2U3I" name="com.training.regression.tests.InvalidRegisterTC63Test" tests="4" failures="0" timestamp="25 Sep 2019 10:55:38 GMT" time="97.944" errors="0">
  <testcase name="validMutiRegisterTC62Test" time="25.016" classname="com.training.regression.tests.InvalidRegisterTC63Test"/>
  <testcase name="validMutiRegisterTC62Test" time="24.089" classname="com.training.regression.tests.InvalidRegisterTC63Test"/>
  <testcase name="validMutiRegisterTC62Test" time="23.806" classname="com.training.regression.tests.InvalidRegisterTC63Test"/>
  <testcase name="validMutiRegisterTC62Test" time="25.033" classname="com.training.regression.tests.InvalidRegisterTC63Test"/>
</testsuite> <!-- com.training.regression.tests.InvalidRegisterTC63Test -->
