<?xml version="1.0" encoding="UTF-8"?>
<!-- Generated by org.testng.reporters.JUnitReportReporter -->
<testsuite skipped="0" hostname="DESKTOP-CPS2U3I" name="com.training.sanity.tests.InvalidLoginTC31Test" tests="1" failures="0" timestamp="10 Sep 2019 10:46:04 GMT" time="28.192" errors="0">
  <testcase name="validInvalidLoginTC31Test" time="28.192" classname="com.training.sanity.tests.InvalidLoginTC31Test"/>
</testsuite> <!-- com.training.sanity.tests.InvalidLoginTC31Test -->
