<?xml version="1.0" encoding="UTF-8"?>
<!-- Generated by org.testng.reporters.JUnitReportReporter -->
<testsuite skipped="0" hostname="DESKTOP-CPS2U3I" name="com.training.regression.tests.LoginExcelTest" tests="2" failures="0" timestamp="18 Sep 2019 10:19:31 GMT" time="26.893" errors="0">
  <testcase name="loginDBTest" time="12.173" classname="com.training.regression.tests.LoginExcelTest"/>
  <testcase name="loginDBTest" time="14.720" classname="com.training.regression.tests.LoginExcelTest"/>
</testsuite> <!-- com.training.regression.tests.LoginExcelTest -->
