<?xml version="1.0" encoding="UTF-8"?>
<!-- Generated by org.testng.reporters.JUnitReportReporter -->
<testsuite skipped="0" hostname="DESKTOP-CPS2U3I" name="com.training.sanity.tests.RegistrationTestRTTC01" tests="1" failures="0" timestamp="04 Sep 2019 07:34:08 GMT" time="56.977" errors="0">
  <testcase name="validRegistrationTestRTTC01" time="56.977" classname="com.training.sanity.tests.RegistrationTestRTTC01"/>
</testsuite> <!-- com.training.sanity.tests.RegistrationTestRTTC01 -->
