<?xml version="1.0" encoding="UTF-8"?>
<!-- Generated by org.testng.reporters.JUnitReportReporter -->
<testsuite skipped="0" hostname="DESKTOP-CPS2U3I" name="com.training.sanity.tests.RegisterTC61Test" tests="2" failures="0" timestamp="19 Sep 2019 11:42:56 GMT" time="13.755" errors="0">
  <testcase name="validRegisterPageLaunch" time="5.565" classname="com.training.sanity.tests.RegisterTC61Test"/>
  <testcase name="validRegisterTest" time="8.190" classname="com.training.sanity.tests.RegisterTC61Test"/>
</testsuite> <!-- com.training.sanity.tests.RegisterTC61Test -->
