<?xml version="1.0" encoding="UTF-8"?>
<!-- Generated by org.testng.reporters.JUnitReportReporter -->
<testsuite skipped="0" hostname="DESKTOP-CPS2U3I" name="com.training.sanity.tests.GuestOrderTC34Test" tests="2" failures="0" timestamp="13 Sep 2019 06:55:44 GMT" time="45.562" errors="0">
  <testcase name="validCheckoutTest" time="17.626" classname="com.training.sanity.tests.GuestOrderTC34Test"/>
  <testcase name="validGuestOrderTC34Test" time="27.936" classname="com.training.sanity.tests.GuestOrderTC34Test"/>
</testsuite> <!-- com.training.sanity.tests.GuestOrderTC34Test -->
