<?xml version="1.0" encoding="UTF-8"?>
<!-- Generated by org.testng.reporters.JUnitReportReporter -->
<testsuite skipped="0" hostname="DESKTOP-CPS2U3I" name="com.training.sanity.tests.LoginTC02Test" tests="1" failures="0" timestamp="06 Sep 2019 06:15:45 GMT" time="36.617" errors="0">
  <testcase name="validRegistrationTestRTTC01" time="36.617" classname="com.training.sanity.tests.LoginTC02Test"/>
</testsuite> <!-- com.training.sanity.tests.LoginTC02Test -->
